
 RUN  v1.6.1 /Users/egr/Desktop/TradeSync/pine-validator

stdout | displaySuiteMetadata (/Users/egr/Desktop/TradeSync/pine-validator/tests/specs/all-validation-tests.spec.ts:122:11)
🧪 Pine Script v6 Validator Test Suite Loaded

stdout | displaySuiteMetadata (/Users/egr/Desktop/TradeSync/pine-validator/tests/specs/all-validation-tests.spec.ts:123:11)
📊 Mode: full

stdout | displaySuiteMetadata (/Users/egr/Desktop/TradeSync/pine-validator/tests/specs/all-validation-tests.spec.ts:124:11)
📊 Total Test Modules: 3

stdout | displaySuiteMetadata (/Users/egr/Desktop/TradeSync/pine-validator/tests/specs/all-validation-tests.spec.ts:125:11)
📋 Test Modules: Enum Validation, Constants & Enums Validation, Drawing Styling Enums Advanced

stdout | displaySuiteMetadata (/Users/egr/Desktop/TradeSync/pine-validator/tests/specs/all-validation-tests.spec.ts:127:13)
🎯 Suite Filter: enum

stdout | tests/specs/all-validation-tests.spec.ts > Enum Validation (TDD) > PSV6-ENUM-SYNTAX: Enum Declaration Syntax Validation > should validate correct enum declaration syntax
[EnumValidator] state snapshot { enumVariables: [], functionParams: [], functionHints: [] }

stdout | tests/specs/all-validation-tests.spec.ts > Enum Validation (TDD) > PSV6-ENUM-SYNTAX: Enum Declaration Syntax Validation > should error on enum without values
[EnumValidator] addError {
  line: 4,
  column: 6,
  code: 'PSV6-ENUM-EMPTY',
  message: 'Enum declaration must have at least one value'
}
[EnumValidator] state snapshot { enumVariables: [], functionParams: [], functionHints: [] }

stdout | tests/specs/all-validation-tests.spec.ts > Enum Validation (TDD) > PSV6-ENUM-SYNTAX: Enum Declaration Syntax Validation > should error on duplicate enum values
[EnumValidator] addError {
  line: 7,
  column: 5,
  code: 'PSV6-ENUM-DUPLICATE-VALUE',
  message: 'Duplicate enum value: VALUE1'
}
[EnumValidator] state snapshot { enumVariables: [], functionParams: [], functionHints: [] }

stdout | tests/specs/all-validation-tests.spec.ts > Enum Validation (TDD) > PSV6-ENUM-SYNTAX: Enum Declaration Syntax Validation > should error on invalid enum value names
[EnumValidator] addError {
  line: 6,
  column: 8,
  code: 'PSV6-ENUM-INVALID-VALUE-NAME',
  message: 'Invalid enum value name: 123INVALID'
}
[EnumValidator] state snapshot { enumVariables: [], functionParams: [], functionHints: [] }

stdout | tests/specs/all-validation-tests.spec.ts > Enum Validation (TDD) > PSV6-ENUM-USAGE: Enum Usage Validation > should validate correct enum usage
[EnumValidator] state snapshot {
  enumVariables: [ [ 'current_status', 'Status' ] ],
  functionParams: [],
  functionHints: []
}

stdout | tests/specs/all-validation-tests.spec.ts > Enum Validation (TDD) > PSV6-ENUM-USAGE: Enum Usage Validation > should error on undefined enum value
[EnumValidator] addError {
  line: 8,
  column: 32,
  code: 'PSV6-ENUM-UNDEFINED-VALUE',
  message: 'Undefined enum value: Status.UNDEFINED'
}
[EnumValidator] state snapshot {
  enumVariables: [ [ 'current_status', 'Status' ] ],
  functionParams: [],
  functionHints: []
}

stdout | tests/specs/all-validation-tests.spec.ts > Enum Validation (TDD) > PSV6-ENUM-USAGE: Enum Usage Validation > should error on enum value without enum type
[EnumValidator] addError {
  line: 4,
  column: 25,
  code: 'PSV6-ENUM-UNDEFINED-TYPE',
  message: 'Undefined enum type: Status'
}
[EnumValidator] addError {
  line: 4,
  column: 25,
  code: 'PSV6-ENUM-UNDEFINED-TYPE',
  message: 'Undefined enum type: Status'
}
[EnumValidator] state snapshot { enumVariables: [], functionParams: [], functionHints: [] }

stdout | tests/specs/all-validation-tests.spec.ts > Enum Validation (TDD) > PSV6-ENUM-USAGE: Enum Usage Validation > should error on enum assignment type mismatch
[EnumValidator] addError {
  line: 8,
  column: 5,
  code: 'PSV6-ENUM-TYPE-MISMATCH',
  message: 'Type mismatch: expected int, got Status'
}
[EnumValidator] state snapshot { enumVariables: [], functionParams: [], functionHints: [] }

stdout | tests/specs/all-validation-tests.spec.ts > Enum Validation (TDD) > PSV6-ENUM-COMPARISON: Enum Comparison Validation > should validate enum comparisons
[EnumValidator] state snapshot {
  enumVariables: [ [ 'current_status', 'Status' ] ],
  functionParams: [],
  functionHints: []
}

stdout | tests/specs/all-validation-tests.spec.ts > Enum Validation (TDD) > PSV6-ENUM-COMPARISON: Enum Comparison Validation > should warn on enum comparison with different types
[EnumValidator] addWarning {
  line: 13,
  column: 4,
  code: 'PSV6-ENUM-COMPARISON-TYPE-MISMATCH',
  message: 'Comparing enum variable of type Status with Color enum value'
}
[EnumValidator] state snapshot {
  enumVariables: [ [ 'current_status', 'Status' ] ],
  functionParams: [],
  functionHints: []
}

stdout | tests/specs/all-validation-tests.spec.ts > Enum Validation (TDD) > PSV6-ENUM-SWITCH: Enum in Switch Statements > should validate enum in switch statements
[EnumValidator] state snapshot {
  enumVariables: [ [ 'current_status', 'Status' ] ],
  functionParams: [],
  functionHints: []
}

stdout | tests/specs/all-validation-tests.spec.ts > Enum Validation (TDD) > PSV6-ENUM-SWITCH: Enum in Switch Statements > should error on switch case with wrong enum type
[EnumValidator] addError {
  line: 15,
  column: 5,
  code: 'PSV6-ENUM-SWITCH-CASE-TYPE-MISMATCH',
  message: 'Switch case enum type mismatch: expected Status, got Color'
}
[EnumValidator] state snapshot {
  enumVariables: [ [ 'current_status', 'Status' ] ],
  functionParams: [],
  functionHints: []
}

stdout | tests/specs/all-validation-tests.spec.ts > Enum Validation (TDD) > PSV6-ENUM-BEST-PRACTICES: Enum Best Practices > should suggest better enum naming
[EnumValidator] addInfo {
  line: 4,
  column: 6,
  code: 'PSV6-ENUM-NAMING-SUGGESTION',
  message: 'Consider using PascalCase for enum names: e'
}
[EnumValidator] addInfo {
  line: 5,
  column: 5,
  code: 'PSV6-ENUM-VALUE-NAMING-SUGGESTION',
  message: 'Consider using UPPER_CASE for enum values: v1'
}
[EnumValidator] addInfo {
  line: 6,
  column: 5,
  code: 'PSV6-ENUM-VALUE-NAMING-SUGGESTION',
  message: 'Consider using UPPER_CASE for enum values: v2'
}
[EnumValidator] state snapshot { enumVariables: [], functionParams: [], functionHints: [] }

stdout | tests/specs/all-validation-tests.spec.ts > Enum Validation (TDD) > PSV6-ENUM-BEST-PRACTICES: Enum Best Practices > should suggest enum value naming conventions
[EnumValidator] addInfo {
  line: 5,
  column: 5,
  code: 'PSV6-ENUM-VALUE-NAMING-SUGGESTION',
  message: 'Consider using UPPER_CASE for enum values: active'
}
[EnumValidator] addInfo {
  line: 6,
  column: 5,
  code: 'PSV6-ENUM-VALUE-NAMING-SUGGESTION',
  message: 'Consider using UPPER_CASE for enum values: inactive'
}
[EnumValidator] state snapshot { enumVariables: [], functionParams: [], functionHints: [] }

stdout | tests/specs/all-validation-tests.spec.ts > Enum Validation (TDD) > PSV6-ENUM-COMPLEX: Complex Enum Scenarios > should handle multiple enum declarations
[EnumValidator] state snapshot {
  enumVariables: [ [ 'current_status', 'Status' ], [ 'current_color', 'Color' ] ],
  functionParams: [],
  functionHints: []
}

stdout | tests/specs/all-validation-tests.spec.ts > Enum Validation (TDD) > PSV6-ENUM-COMPLEX: Complex Enum Scenarios > should handle enum in complex expressions
[EnumValidator] state snapshot {
  enumVariables: [ [ 'current_status', 'Status' ] ],
  functionParams: [],
  functionHints: []
}

stdout | tests/specs/all-validation-tests.spec.ts > Enum Validation (TDD) > PSV6-ENUM-COMPLEX: Complex Enum Scenarios > should handle enum in function return types
[EnumValidator] state snapshot {
  enumVariables: [ [ 'result', 'Status' ] ],
  functionParams: [ [ 'f', [] ] ],
  functionHints: []
}

stdout | tests/specs/all-validation-tests.spec.ts > Constants & Enums Validation (TDD) > PSV6-CONST-POSITION: Position Constants > should validate position.* constants for table
[EnumValidator] state snapshot { enumVariables: [], functionParams: [], functionHints: [] }

stdout | tests/specs/all-validation-tests.spec.ts > Constants & Enums Validation (TDD) > PSV6-CONST-POSITION: Position Constants > should error on invalid position constant
[EnumValidator] state snapshot { enumVariables: [], functionParams: [], functionHints: [] }

stdout | tests/specs/all-validation-tests.spec.ts > Constants & Enums Validation (TDD) > PSV6-CONST-LOC: Location Constants > should validate xloc.* constants
[EnumValidator] state snapshot { enumVariables: [], functionParams: [], functionHints: [] }

stdout | tests/specs/all-validation-tests.spec.ts > Constants & Enums Validation (TDD) > PSV6-CONST-LOC: Location Constants > should validate yloc.* constants
[EnumValidator] state snapshot { enumVariables: [], functionParams: [], functionHints: [] }

stdout | tests/specs/all-validation-tests.spec.ts > Constants & Enums Validation (TDD) > PSV6-CONST-TEXT-ALIGN: Text Alignment Constants > should validate text.align_* constants
[EnumValidator] state snapshot { enumVariables: [], functionParams: [], functionHints: [] }

stdout | tests/specs/all-validation-tests.spec.ts > Constants & Enums Validation (TDD) > PSV6-CONST-SIZE: Size Constants > should validate size.* constants
[EnumValidator] state snapshot { enumVariables: [], functionParams: [], functionHints: [] }

stdout | tests/specs/all-validation-tests.spec.ts > Constants & Enums Validation (TDD) > PSV6-CONST-SIZE: Size Constants > should validate size constants for table cells
[EnumValidator] state snapshot { enumVariables: [], functionParams: [], functionHints: [] }

stdout | tests/specs/all-validation-tests.spec.ts > Constants & Enums Validation (TDD) > PSV6-CONST-EXTEND: Line Extend Constants > should validate extend.* constants
[EnumValidator] state snapshot { enumVariables: [], functionParams: [], functionHints: [] }

stdout | tests/specs/all-validation-tests.spec.ts > Constants & Enums Validation (TDD) > PSV6-CONST-LINE-STYLE: Line Style Constants > should validate line.style_* constants
[EnumValidator] state snapshot { enumVariables: [], functionParams: [], functionHints: [] }

stdout | tests/specs/all-validation-tests.spec.ts > Constants & Enums Validation (TDD) > PSV6-CONST-LABEL-STYLE: Label Style Constants > should validate label.style_* constants
[EnumValidator] state snapshot { enumVariables: [], functionParams: [], functionHints: [] }

stdout | tests/specs/all-validation-tests.spec.ts > Constants & Enums Validation (TDD) > PSV6-CONST-LABEL-STYLE: Label Style Constants > should validate shape style constants
[EnumValidator] state snapshot { enumVariables: [], functionParams: [], functionHints: [] }

stdout | tests/specs/all-validation-tests.spec.ts > Constants & Enums Validation (TDD) > PSV6-CONST-PLOT-STYLE: Plot Style Constants > should validate plot.style_* constants
[EnumValidator] state snapshot { enumVariables: [], functionParams: [], functionHints: [] }
plot.style diagnostics { errors: [], warnings: [ 'PSW01' ] }

stdout | tests/specs/all-validation-tests.spec.ts > Constants & Enums Validation (TDD) > PSV6-CONST-LOCATION: Shape Location Constants > should validate location.* constants
[EnumValidator] state snapshot { enumVariables: [], functionParams: [], functionHints: [] }
hline diagnostics {
  errors: [],
  warnings: [ 'PSW01', 'PSV6-TA-PERF-NESTED', 'PSV6-TA-PERF-MANY' ]
}

stdout | tests/specs/all-validation-tests.spec.ts > Constants & Enums Validation (TDD) > PSV6-CONST-SHAPE: Shape Constants > should validate shape.* constants
[EnumValidator] state snapshot { enumVariables: [], functionParams: [], functionHints: [] }

stdout | tests/specs/all-validation-tests.spec.ts > Constants & Enums Validation (TDD) > PSV6-CONST-ORDER: Order Constants > should validate order.* constants
[EnumValidator] state snapshot { enumVariables: [], functionParams: [], functionHints: [] }

stdout | tests/specs/all-validation-tests.spec.ts > Constants & Enums Validation (TDD) > PSV6-CONST-DISPLAY: Display Constants > should validate display.* constants
[EnumValidator] state snapshot { enumVariables: [], functionParams: [], functionHints: [] }

stdout | tests/specs/all-validation-tests.spec.ts > Constants & Enums Validation (TDD) > PSV6-CONST-INTEGRATION: Constants Integration > should validate comprehensive constant usage
[EnumValidator] state snapshot { enumVariables: [], functionParams: [], functionHints: [] }

stdout | tests/specs/all-validation-tests.spec.ts > Constants & Enums Validation (TDD) > PSV6-CONST-ERRORS: Constant Error Cases > should error on undefined constant
[EnumValidator] state snapshot { enumVariables: [], functionParams: [], functionHints: [] }

stdout | tests/specs/all-validation-tests.spec.ts > Constants & Enums Validation (TDD) > PSV6-CONST-ERRORS: Constant Error Cases > should error on wrong constant namespace
[EnumValidator] state snapshot { enumVariables: [], functionParams: [], functionHints: [] }

stdout | tests/specs/all-validation-tests.spec.ts > Constants & Enums Validation (TDD) > PSV6-CONST-ERRORS: Constant Error Cases > should error on misspelled constant
[EnumValidator] state snapshot { enumVariables: [], functionParams: [], functionHints: [] }

stdout | tests/specs/all-validation-tests.spec.ts > Advanced drawing/styling enums and display extensions > detects extra text formatting constants
[EnumValidator] state snapshot { enumVariables: [], functionParams: [], functionHints: [] }

stdout | tests/specs/all-validation-tests.spec.ts > Advanced drawing/styling enums and display extensions > detects extra box/table styling constants
[EnumValidator] state snapshot { enumVariables: [], functionParams: [], functionHints: [] }

stdout | tests/specs/all-validation-tests.spec.ts > Advanced drawing/styling enums and display extensions > detects extended display constants for specialized views
[EnumValidator] state snapshot { enumVariables: [], functionParams: [], functionHints: [] }

 ❯ tests/specs/all-validation-tests.spec.ts  (43 tests | 1 failed) 300ms
   ❯ tests/specs/all-validation-tests.spec.ts > Enum Validation (TDD) > PSV6-ENUM-FUNCTION: Enum in Function Parameters > should error on wrong enum type in function call
     → expected [] to deeply equal ArrayContaining{…}

⎯⎯⎯⎯⎯⎯⎯ Failed Tests 1 ⎯⎯⎯⎯⎯⎯⎯

 FAIL  tests/specs/all-validation-tests.spec.ts > Enum Validation (TDD) > PSV6-ENUM-FUNCTION: Enum in Function Parameters > should error on wrong enum type in function call
AssertionError: expected [] to deeply equal ArrayContaining{…}

- Expected
+ Received

- ArrayContaining [
-   "PSV6-ENUM-FUNCTION-TYPE-MISMATCH",
- ]
+ Array []

 ❯ Module.expectHas tests/specs/test-utils.ts:18:24
     16|   if (expected.errors) {
     17|     const errorCodes = result.errors.map(e => e.code).filter(Boolean);
     18|     expect(errorCodes).toEqual(expect.arrayContaining(expected.errors)…
       |                        ^
     19|   }
     20|   
 ❯ tests/specs/enum-validation.spec.ts:195:7

⎯⎯⎯⎯⎯⎯⎯⎯⎯⎯⎯⎯⎯⎯⎯⎯⎯⎯⎯⎯⎯⎯⎯⎯[1/1]⎯

 Test Files  1 failed (1)
      Tests  1 failed | 42 passed (43)
   Start at  20:02:43
   Duration  3.84s (transform 1.50s, setup 0ms, collect 2.85s, tests 300ms, environment 0ms, prepare 174ms)

